16:41:03.296 INFO [GridLauncherV3.parse] - Selenium server version: 3.141.59, revision: e82be7d358
16:41:03.391 INFO [GridLauncherV3.lambda$buildLaunchers$3] - Launching a standalone Selenium Server on port 4445
2019-02-01 16:41:03.484:INFO::main: Logging initialized @631ms to org.seleniumhq.jetty9.util.log.StdErrLog
16:41:03.883 INFO [WebDriverServlet.<init>] - Initialising WebDriverServlet
16:41:04.196 INFO [SeleniumServer.boot] - Selenium Server is up and running on port 4445
16:41:04.557 INFO [ActiveSessionFactory.apply] - Capabilities are: {
  "acceptSslCerts": true,
  "browserName": "chrome",
  "javascriptEnabled": true,
  "name": "Modify Wanted Screen"
}
16:41:04.560 INFO [ActiveSessionFactory.lambda$apply$11] - Matched factory org.openqa.selenium.grid.session.remote.ServicedSession$Factory (provider: org.openqa.selenium.chrome.ChromeDriverService)
Starting ChromeDriver 2.44.609538 (b655c5a60b0b544917107a59d4153d4bf78e1b90) on port 3958
Only local connections are allowed.
16:41:07.286 INFO [ProtocolHandshake.createSession] - Detected dialect: OSS
16:41:07.642 INFO [RemoteSession$Factory.lambda$performHandshake$0] - Started new session 92bb0375910bd44dfe4e755c1b4d8b6e (org.openqa.selenium.chrome.ChromeDriverService)
16:41:12.778 INFO [ActiveSessions$1.onStop] - Removing session 92bb0375910bd44dfe4e755c1b4d8b6e (org.openqa.selenium.chrome.ChromeDriverService)
16:41:12.812 INFO [ActiveSessionFactory.apply] - Capabilities are: {
  "acceptSslCerts": true,
  "browserName": "chrome",
  "javascriptEnabled": true,
  "name": "Modify Wanted Screen"
}
16:41:12.813 INFO [ActiveSessionFactory.lambda$apply$11] - Matched factory org.openqa.selenium.grid.session.remote.ServicedSession$Factory (provider: org.openqa.selenium.chrome.ChromeDriverService)
Starting ChromeDriver 2.44.609538 (b655c5a60b0b544917107a59d4153d4bf78e1b90) on port 26375
Only local connections are allowed.
16:41:15.153 INFO [ProtocolHandshake.createSession] - Detected dialect: OSS
16:41:15.201 INFO [RemoteSession$Factory.lambda$performHandshake$0] - Started new session 636e59f994a39cca64452f903fdfc1f9 (org.openqa.selenium.chrome.ChromeDriverService)
16:41:17.250 INFO [ActiveSessions$1.onStop] - Removing session 636e59f994a39cca64452f903fdfc1f9 (org.openqa.selenium.chrome.ChromeDriverService)
